Determining if the Q_WS_WIN exist failed with the following output:
Change Dir: /home/salabeta/robocomp/components/grupo1alexjaime/navegacion/CMakeFiles/CMakeTmp

Run Build Command:/usr/bin/make "cmTryCompileExec1609613672/fast"
/usr/bin/make -f CMakeFiles/cmTryCompileExec1609613672.dir/build.make CMakeFiles/cmTryCompileExec1609613672.dir/build
make[1]: se ingresa al directorio «/home/salabeta/robocomp/components/grupo1alexjaime/navegacion/CMakeFiles/CMakeTmp»
/usr/bin/cmake -E cmake_progress_report /home/salabeta/robocomp/components/grupo1alexjaime/navegacion/CMakeFiles/CMakeTmp/CMakeFiles 1
Building CXX object CMakeFiles/cmTryCompileExec1609613672.dir/CheckSymbolExists.cxx.o
/usr/bin/c++    -I/usr/include/qt4    -o CMakeFiles/cmTryCompileExec1609613672.dir/CheckSymbolExists.cxx.o -c /home/salabeta/robocomp/components/grupo1alexjaime/navegacion/CMakeFiles/CMakeTmp/CheckSymbolExists.cxx
/home/salabeta/robocomp/components/grupo1alexjaime/navegacion/CMakeFiles/CMakeTmp/CheckSymbolExists.cxx: In function ‘int main(int, char**)’:
/home/salabeta/robocomp/components/grupo1alexjaime/navegacion/CMakeFiles/CMakeTmp/CheckSymbolExists.cxx:8:19: error: ‘Q_WS_WIN’ was not declared in this scope
   return ((int*)(&Q_WS_WIN))[argc];
                   ^
make[1]: *** [CMakeFiles/cmTryCompileExec1609613672.dir/CheckSymbolExists.cxx.o] Error 1
make[1]: se sale del directorio «/home/salabeta/robocomp/components/grupo1alexjaime/navegacion/CMakeFiles/CMakeTmp»
make: *** [cmTryCompileExec1609613672/fast] Error 2

File /home/salabeta/robocomp/components/grupo1alexjaime/navegacion/CMakeFiles/CMakeTmp/CheckSymbolExists.cxx:
/* */
#include <QtCore/qglobal.h>

int main(int argc, char** argv)
{
  (void)argv;
#ifndef Q_WS_WIN
  return ((int*)(&Q_WS_WIN))[argc];
#else
  (void)argc;
  return 0;
#endif
}

Determining if the Q_WS_QWS exist failed with the following output:
Change Dir: /home/salabeta/robocomp/components/grupo1alexjaime/navegacion/CMakeFiles/CMakeTmp

Run Build Command:/usr/bin/make "cmTryCompileExec2015993019/fast"
/usr/bin/make -f CMakeFiles/cmTryCompileExec2015993019.dir/build.make CMakeFiles/cmTryCompileExec2015993019.dir/build
make[1]: se ingresa al directorio «/home/salabeta/robocomp/components/grupo1alexjaime/navegacion/CMakeFiles/CMakeTmp»
/usr/bin/cmake -E cmake_progress_report /home/salabeta/robocomp/components/grupo1alexjaime/navegacion/CMakeFiles/CMakeTmp/CMakeFiles 1
Building CXX object CMakeFiles/cmTryCompileExec2015993019.dir/CheckSymbolExists.cxx.o
/usr/bin/c++    -I/usr/include/qt4    -o CMakeFiles/cmTryCompileExec2015993019.dir/CheckSymbolExists.cxx.o -c /home/salabeta/robocomp/components/grupo1alexjaime/navegacion/CMakeFiles/CMakeTmp/CheckSymbolExists.cxx
/home/salabeta/robocomp/components/grupo1alexjaime/navegacion/CMakeFiles/CMakeTmp/CheckSymbolExists.cxx: In function ‘int main(int, char**)’:
/home/salabeta/robocomp/components/grupo1alexjaime/navegacion/CMakeFiles/CMakeTmp/CheckSymbolExists.cxx:8:19: error: ‘Q_WS_QWS’ was not declared in this scope
   return ((int*)(&Q_WS_QWS))[argc];
                   ^
make[1]: *** [CMakeFiles/cmTryCompileExec2015993019.dir/CheckSymbolExists.cxx.o] Error 1
make[1]: se sale del directorio «/home/salabeta/robocomp/components/grupo1alexjaime/navegacion/CMakeFiles/CMakeTmp»
make: *** [cmTryCompileExec2015993019/fast] Error 2

File /home/salabeta/robocomp/components/grupo1alexjaime/navegacion/CMakeFiles/CMakeTmp/CheckSymbolExists.cxx:
/* */
#include <QtCore/qglobal.h>

int main(int argc, char** argv)
{
  (void)argv;
#ifndef Q_WS_QWS
  return ((int*)(&Q_WS_QWS))[argc];
#else
  (void)argc;
  return 0;
#endif
}

Determining if the Q_WS_MAC exist failed with the following output:
Change Dir: /home/salabeta/robocomp/components/grupo1alexjaime/navegacion/CMakeFiles/CMakeTmp

Run Build Command:/usr/bin/make "cmTryCompileExec798103892/fast"
/usr/bin/make -f CMakeFiles/cmTryCompileExec798103892.dir/build.make CMakeFiles/cmTryCompileExec798103892.dir/build
make[1]: se ingresa al directorio «/home/salabeta/robocomp/components/grupo1alexjaime/navegacion/CMakeFiles/CMakeTmp»
/usr/bin/cmake -E cmake_progress_report /home/salabeta/robocomp/components/grupo1alexjaime/navegacion/CMakeFiles/CMakeTmp/CMakeFiles 1
Building CXX object CMakeFiles/cmTryCompileExec798103892.dir/CheckSymbolExists.cxx.o
/usr/bin/c++    -I/usr/include/qt4    -o CMakeFiles/cmTryCompileExec798103892.dir/CheckSymbolExists.cxx.o -c /home/salabeta/robocomp/components/grupo1alexjaime/navegacion/CMakeFiles/CMakeTmp/CheckSymbolExists.cxx
/home/salabeta/robocomp/components/grupo1alexjaime/navegacion/CMakeFiles/CMakeTmp/CheckSymbolExists.cxx: In function ‘int main(int, char**)’:
/home/salabeta/robocomp/components/grupo1alexjaime/navegacion/CMakeFiles/CMakeTmp/CheckSymbolExists.cxx:8:19: error: ‘Q_WS_MAC’ was not declared in this scope
   return ((int*)(&Q_WS_MAC))[argc];
                   ^
make[1]: *** [CMakeFiles/cmTryCompileExec798103892.dir/CheckSymbolExists.cxx.o] Error 1
make[1]: se sale del directorio «/home/salabeta/robocomp/components/grupo1alexjaime/navegacion/CMakeFiles/CMakeTmp»
make: *** [cmTryCompileExec798103892/fast] Error 2

File /home/salabeta/robocomp/components/grupo1alexjaime/navegacion/CMakeFiles/CMakeTmp/CheckSymbolExists.cxx:
/* */
#include <QtCore/qglobal.h>

int main(int argc, char** argv)
{
  (void)argv;
#ifndef Q_WS_MAC
  return ((int*)(&Q_WS_MAC))[argc];
#else
  (void)argc;
  return 0;
#endif
}

